1
2
3
4
5
6
Hurra!
8
9
10
Super!
12
13
Hurra!
15
16
17
18
19
20
Hurra!
Super!
23
24
25
26
27
Hurra!
29
30
31
32
Super!
34
Hurra!
36
37
38
39
40
41
Hurra!
43
Super!
45
46
47
48
Hurra!
50
51
52
53
54
Super!
Hurra!
57
58
59
60
61
62
Hurra!
64
65
Super!
67
68
69
Hurra!
71
72
73
74
75
76
Wiwat!
78
79
80
81
82
83
Hurra!
85
86
87
Super!
89
90
Hurra!
92
93
94
95
96
97
Hurra!
Super!
100
101
102
103
104
Hurra!
106
107
108
109
Super!
111
Hurra!
113
114
115
116
117
118
Hurra!
120
Super!
122
123
124
125
Hurra!
127
128
129
130
131
Super!
Hurra!
134
135
136
137
138
139
Hurra!
141
142
Super!
144
145
146
Hurra!
148
149
150
151
152
153
Wiwat!
155
156
157
158
159
160
Hurra!
162
163
164
Super!
166
167
Hurra!
169
170
171
172
173
174
Hurra!
Super!
177
178
179
180
181
Hurra!
183
184
185
186
Super!
188
Hurra!
190
191
192
193
194
195
Hurra!
197
Super!
199
200
201
202
Hurra!
204
205
206
207
208
Super!
Hurra!
211
212
213
214
215
216
Hurra!
218
219
Super!
221
222
223
Hurra!
225
226
227
228
229
230
Wiwat!
232
233
234
235
236
237
Hurra!
239
240
241
Super!
243
244
Hurra!
246
247
248
249
250
251
Hurra!
Super!
254
255
256
257
258
Hurra!
260
261
262
263
Super!
265
Hurra!
267
268
269
270
271
272
Hurra!
274
Super!
276
277
278
279
Hurra!
281
282
283
284
285
Super!
Hurra!
288
289
290
291
292
293
Hurra!
295
296
Super!
298
299
300
Hurra!
302
303
304
305
306
307
Wiwat!
309
310
311
312
313
314
Hurra!
316
317
318
Super!
320
321
Hurra!
323
324
325
326
327
328
Hurra!
Super!
331
332
333
334
335
Hurra!
337
338
339
340
Super!
342
Hurra!
344
345
346
347
348
349
Hurra!
351
Super!
353
354
355
356
Hurra!
358
359
360
361
362
Super!
Hurra!
365
366
367
368
369
370
Hurra!
372
373
Super!
375
376
377
Hurra!
379
380
381
382
383
384
Wiwat!
386
387
388
389
390
391
Hurra!
393
394
395
Super!
397
398
Hurra!
400
401
402
403
404
405
Hurra!
Super!
408
409
410
411
412
Hurra!
414
415
416
417
Super!
419
Hurra!
421
422
423
424
425
426
Hurra!
428
Super!
430
431
432
433
Hurra!
435
436
437
438
439
Super!
Hurra!
442
443
444
445
446
447
Hurra!
449
450
Super!
452
453
454
Hurra!
456
457
458
459
460
461
Wiwat!
463
464
465
466
467
468
Hurra!
470
471
472
Super!
474
475
Hurra!
477
478
479
480
481
482
Hurra!
Super!
485
486
487
488
489
Hurra!
491
492
493
494
Super!
496
Hurra!
498
499
500
501
502
503
Hurra!
505
Super!
507
508
509
510
Hurra!
512
513
514
515
516
Super!
Hurra!
519
520
521
522
523
524
Hurra!
526
527
Super!
529
530
531
Hurra!
533
534
535
536
537
538
Wiwat!
540
541
542
543
544
545
Hurra!
547
548
549
Super!
551
552
Hurra!
554
555
556
557
558
559
Hurra!
Super!
562
563
564
565
566
Hurra!
568
569
570
571
Super!
573
Hurra!
575
576
577
578
579
580
Hurra!
582
Super!
584
585
586
587
Hurra!
589
590
591
592
593
Super!
Hurra!
596
597
598
599
600
601
Hurra!
603
604
Super!
606
607
608
Hurra!
610
611
612
613
614
615
Wiwat!
617
618
619
620
621
622
Hurra!
624
625
626
Super!
628
629
Hurra!
631
632
633
634
635
636
Hurra!
Super!
639
640
641
642
643
Hurra!
645
646
647
648
Super!
650
Hurra!
652
653
654
655
656
657
Hurra!
659
Super!
661
662
663
664
Hurra!
666
667
668
669
670
Super!
Hurra!
673
674
675
676
677
678
Hurra!
680
681
Super!
683
684
685
Hurra!
687
688
689
690
691
692
Wiwat!
694
695
696
697
698
699
Hurra!
701
702
703
Super!
705
706
Hurra!
708
709
710
711
712
713
Hurra!
Super!
716
717
718
719
720
Hurra!
722
723
724
725
Super!
727
Hurra!
729
730
731
732
733
734
Hurra!
736
Super!
738
739
740
741
Hurra!
743
744
745
746
747
Super!
Hurra!
750
751
752
753
754
755
Hurra!
757
758
Super!
760
761
762
Hurra!
764
765
766
767
768
769
Wiwat!
771
772
773
774
775
776
Hurra!
778
779
780
Super!
782
783
Hurra!
785
786
787
788
789
790
Hurra!
Super!
793
794
795
796
797
Hurra!
799
800
801
802
Super!
804
Hurra!
806
807
808
809
810
811
Hurra!
813
Super!
815
816
817
818
Hurra!
820
821
822
823
824
Super!
Hurra!
827
828
829
830
831
832
Hurra!
834
835
Super!
837
838
839
Hurra!
841
842
843
844
845
846
Wiwat!
848
849
850
851
852
853
Hurra!
855
856
857
Super!
859
860
Hurra!
862
863
864
865
866
867
Hurra!
Super!
870
871
872
873
874
Hurra!
876
877
878
879
Super!
881
Hurra!
883
884
885
886
887
888
Hurra!
890
Super!
892
893
894
895
Hurra!
897
898
899
900
901
Super!
Hurra!
904
905
906
907
908
909
Hurra!
911
912
Super!
914
915
916
Hurra!
918
919
920
921
922
923
Wiwat!
925
926
927
928
929
930
Hurra!
932
933
934
Super!
936
937
Hurra!
939
940
941
942
943
944
Hurra!
Super!
947
948
949
950
951
Hurra!
953
954
955
956
Super!
958
Hurra!
960
961
962
963
964
965
Hurra!
967
Super!
969
970
971
972
Hurra!
974
975
976
977
978
Super!
Hurra!
981
982
983
984
985
986
Hurra!
988
989
Super!
991
992
993
Hurra!
995
996
997
998
999
1000
Wiwat!
1002
1003
1004
1005
1006
1007
Hurra!
1009
1010
1011
Super!
1013
1014
Hurra!
1016
1017
1018
1019
1020
1021
Hurra!
Super!
1024
1025
1026
1027
1028
Hurra!
1030
1031
1032
1033
Super!
1035
Hurra!
1037
1038
1039
1040
1041
1042
Hurra!
1044
Super!
1046
1047
1048
1049
Hurra!
1051
1052
1053
1054
1055
Super!
Hurra!
1058
1059
1060
1061
1062
1063
Hurra!
1065
1066
Super!
1068
1069
1070
Hurra!
1072
1073
1074
1075
1076
1077
Wiwat!
1079
1080
1081
1082
1083
1084
Hurra!
1086
1087
1088
Super!
1090
1091
Hurra!
1093
1094
1095
1096
1097
1098
Hurra!
Super!
1101
1102
1103
1104
1105
Hurra!
1107
1108
1109
1110
Super!
1112
Hurra!
1114
1115
1116
1117
1118
1119
Hurra!
1121
Super!
1123
1124
1125
1126
Hurra!
1128
1129
1130
1131
1132
Super!
Hurra!
1135
1136
1137
1138
1139
1140
Hurra!
1142
1143
Super!
1145
1146
1147
Hurra!
1149
1150
1151
1152
1153
1154
Wiwat!
1156
1157
1158
1159
1160
1161
Hurra!
1163
1164
1165
Super!
1167
1168
Hurra!
1170
1171
1172
1173
1174
1175
Hurra!
Super!
1178
1179
1180
1181
1182
Hurra!
1184
1185
1186
1187
Super!
1189
Hurra!
1191
1192
1193
1194
1195
1196
Hurra!
1198
Super!
1200
1201
1202
1203
Hurra!
1205
1206
1207
1208
1209
Super!
Hurra!
1212
1213
1214
1215
1216
1217
Hurra!
1219
1220
Super!
1222
1223
1224
Hurra!
1226
1227
1228
1229
1230
1231
Wiwat!
1233
1234
1235
1236
1237
1238
Hurra!
1240
1241
1242
Super!
1244
1245
Hurra!
1247
1248
1249
1250
1251
1252
Hurra!
Super!
1255
1256
1257
1258
1259
Hurra!
1261
1262
1263
1264
Super!
1266
Hurra!
1268
1269
1270
1271
1272
1273
Hurra!
1275
Super!
1277
1278
1279
1280
Hurra!
1282
1283
1284
1285
1286
Super!
Hurra!
1289
1290
1291
1292
1293
1294
Hurra!
1296
1297
Super!
1299
1300
1301
Hurra!
1303
1304
1305
1306
1307
1308
Wiwat!
1310
1311
1312
1313
1314
1315
Hurra!
1317
1318
1319
Super!
1321
1322
Hurra!
1324
1325
1326
1327
1328
1329
Hurra!
Super!
1332
1333
1334
1335
1336
Hurra!
1338
1339
1340
1341
Super!
1343
Hurra!
1345
1346
1347
1348
1349
1350
Hurra!
1352
Super!
1354
1355
1356
1357
Hurra!
1359
1360
1361
1362
1363
Super!
Hurra!
1366
1367
1368
1369
1370
1371
Hurra!
1373
1374
Super!
1376
1377
1378
Hurra!
1380
1381
1382
1383
1384
1385
Wiwat!
1387
1388
1389
1390
1391
1392
Hurra!
1394
1395
1396
Super!
1398
1399
Hurra!
1401
1402
1403
1404
1405
1406
Hurra!
Super!
1409
1410
1411
1412
1413
Hurra!
1415
1416
1417
1418
Super!
1420
Hurra!
1422
1423
1424
1425
1426
1427
Hurra!
1429
Super!
1431
1432
1433
1434
Hurra!
1436
1437
1438
1439
1440
Super!
Hurra!
1443
1444
1445
1446
1447
1448
Hurra!
1450
1451
Super!
1453
1454
1455
Hurra!
1457
1458
1459
1460
1461
1462
Wiwat!
1464
1465
1466
1467
1468
1469
Hurra!
1471
1472
1473
Super!
1475
1476
Hurra!
1478
1479
1480
1481
1482
1483
Hurra!
Super!
1486
1487
1488
1489
1490
Hurra!
1492
1493
1494
1495
Super!
1497
Hurra!
1499
1500
1501
1502
1503
1504
Hurra!
1506
Super!
1508
1509
1510
1511
Hurra!
1513
1514
1515
1516
1517
Super!
Hurra!
1520
1521
1522
1523
1524
1525
Hurra!
1527
1528
Super!
1530
1531
1532
Hurra!
1534
1535
1536
1537
1538
1539
Wiwat!
1541
1542
1543
1544
1545
1546
Hurra!
1548
1549
1550
Super!
1552
1553
Hurra!
1555
1556
1557
1558
1559
1560
Hurra!
Super!
1563
1564
1565
1566
1567
Hurra!
1569
1570
1571
1572
Super!
1574
Hurra!
1576
1577
1578
1579
1580
1581
Hurra!
1583
Super!
1585
1586
1587
1588
Hurra!
1590
1591
1592
1593
1594
Super!
Hurra!
1597
1598
1599
1600
1601
1602
Hurra!
1604
1605
Super!
1607
1608
1609
Hurra!
1611
1612
1613
1614
1615
1616
Wiwat!
1618
1619
1620
1621
1622
1623
Hurra!
1625
1626
1627
Super!
1629
1630
Hurra!
1632
1633
1634
1635
1636
1637
Hurra!
Super!
1640
1641
1642
1643
1644
Hurra!
1646
1647
1648
1649
Super!
1651
Hurra!
1653
1654
1655
1656
1657
1658
Hurra!
1660
Super!
1662
1663
1664
1665
Hurra!
1667
1668
1669
1670
1671
Super!
Hurra!
1674
1675
1676
1677
1678
1679
Hurra!
1681
1682
Super!
1684
1685
1686
Hurra!
1688
1689
1690
1691
1692
1693
Wiwat!
1695
1696
1697
1698
1699
1700
Hurra!
1702
1703
1704
Super!
1706
1707
Hurra!
1709
1710
1711
1712
1713
1714
Hurra!
Super!
1717
1718
1719
1720
1721
Hurra!
1723
1724
1725
1726
Super!
1728
Hurra!
1730
1731
1732
1733
1734
1735
Hurra!
1737
Super!
1739
1740
1741
1742
Hurra!
1744
1745
1746
1747
1748
Super!
Hurra!
1751
1752
1753
1754
1755
1756
Hurra!
1758
1759
Super!
1761
1762
1763
Hurra!
1765
1766
1767
1768
1769
1770
Wiwat!
1772
1773
1774
1775
1776
1777
Hurra!
1779
1780
1781
Super!
1783
1784
Hurra!
1786
1787
1788
1789
1790
1791
Hurra!
Super!
1794
1795
1796
1797
1798
Hurra!
1800
1801
1802
1803
Super!
1805
Hurra!
1807
1808
1809
1810
1811
1812
Hurra!
1814
Super!
1816
1817
1818
1819
Hurra!
1821
1822
1823
1824
1825
Super!
Hurra!
1828
1829
1830
1831
1832
1833
Hurra!
1835
1836
Super!
1838
1839
1840
Hurra!
1842
1843
1844
1845
1846
1847
Wiwat!
1849
1850
1851
1852
1853
1854
Hurra!
1856
1857
1858
Super!
1860
1861
Hurra!
1863
1864
1865
1866
1867
1868
Hurra!
Super!
1871
1872
1873
1874
1875
Hurra!
1877
1878
1879
1880
Super!
1882
Hurra!
1884
1885
1886
1887
1888
1889
Hurra!
1891
Super!
1893
1894
1895
1896
Hurra!
1898
1899
1900
1901
1902
Super!
Hurra!
1905
1906
1907
1908
1909
1910
Hurra!
1912
1913
Super!
1915
1916
1917
Hurra!
1919
1920
1921
1922
1923
1924
Wiwat!
1926
1927
1928
1929
1930
1931
Hurra!
1933
1934
1935
Super!
1937
1938
Hurra!
1940
1941
1942
1943
1944
1945
Hurra!
Super!
1948
1949
1950
1951
1952
Hurra!
1954
1955
1956
1957
Super!
1959
Hurra!
1961
1962
1963
1964
1965
1966
Hurra!
1968
Super!
1970
1971
1972
1973
Hurra!
1975
1976
1977
1978
1979
Super!
Hurra!
1982
1983
1984
1985
1986
1987
Hurra!
1989
1990
Super!
1992
1993
1994
Hurra!
1996
1997
1998
1999
2000
2001
Wiwat!
2003
2004
2005
2006
2007
2008
Hurra!
2010
2011
2012
Super!
2014
2015
Hurra!
2017
2018
2019
2020
2021
2022
Hurra!
Super!
2025
2026
2027
2028
2029
Hurra!
2031
2032
2033
2034
Super!
2036
Hurra!
2038
2039
2040
2041
2042
2043
Hurra!
2045
Super!
2047
2048
2049
2050
Hurra!
2052
2053
2054
2055
2056
Super!
Hurra!
2059
2060
2061
2062
2063
2064
Hurra!
2066
2067
Super!
2069
2070
2071
Hurra!
2073
2074
2075
2076
2077
2078
Wiwat!
2080
2081
2082
2083
2084
2085
Hurra!
2087
2088
2089
Super!
2091
2092
Hurra!
2094
2095
2096
2097
2098
2099
Hurra!
Super!
2102
2103
2104
2105
2106
Hurra!
2108
2109
2110
2111
Super!
2113
Hurra!
2115
2116
2117
2118
2119
2120
Hurra!
2122
Super!
2124
2125
2126
2127
Hurra!
2129
2130
2131
2132
2133
Super!
Hurra!
2136
2137
2138
2139
2140
2141
Hurra!
2143
2144
Super!
2146
2147
2148
Hurra!
2150
2151
2152
2153
2154
2155
Wiwat!
2157
2158
2159
2160
2161
2162
Hurra!
2164
2165
2166
Super!
2168
2169
Hurra!
2171
2172
2173
2174
2175
2176
Hurra!
Super!
2179
2180
2181
2182
2183
Hurra!
2185
2186
2187
2188
Super!
2190
Hurra!
2192
2193
2194
2195
2196
2197
Hurra!
2199
Super!
2201
2202
2203
2204
Hurra!
2206
2207
2208
2209
2210
Super!
Hurra!
2213
2214
2215
2216
2217
2218
Hurra!
2220
2221
Super!
2223
2224
2225
Hurra!
2227
2228
2229
2230
2231
2232
Wiwat!
2234
2235
2236
2237
2238
2239
Hurra!
2241
2242
2243
Super!
2245
2246
Hurra!
2248
2249
2250
2251
2252
2253
Hurra!
Super!
2256
2257
2258
2259
2260
Hurra!
2262
2263
2264
2265
Super!
2267
Hurra!
2269
2270
2271
2272
2273
2274
Hurra!
2276
Super!
2278
2279
2280
2281
Hurra!
2283
2284
2285
2286
2287
Super!
Hurra!
2290
2291
2292
2293
2294
2295
Hurra!
2297
2298
Super!
2300
2301
2302
Hurra!
2304
2305
2306
2307
2308
2309
Wiwat!
2311
2312
2313
2314
2315
2316
Hurra!
2318
2319
2320
Super!
2322
2323
Hurra!
2325
2326
2327
2328
2329
2330
Hurra!
Super!
2333
2334
2335
2336
2337
Hurra!
2339
2340
2341
2342
Super!
2344
Hurra!
2346
2347
2348
2349
2350
2351
Hurra!
2353
Super!
2355
2356
2357
2358
Hurra!
2360
2361
2362
2363
2364
Super!
Hurra!
2367
2368
2369
2370
2371
2372
Hurra!
2374
2375
Super!
2377
2378
2379
Hurra!
2381
2382
2383
2384
2385
2386
Wiwat!
2388
2389
2390
2391
2392
2393
Hurra!
2395
2396
2397
Super!
2399
2400
Hurra!
2402
2403
2404
2405
2406
2407
Hurra!
Super!
2410
2411
2412
2413
2414
Hurra!
2416
2417
2418
2419
Super!
2421
Hurra!
2423
2424
2425
2426
2427
2428
Hurra!
2430
Super!
2432
2433
2434
2435
Hurra!
2437
2438
2439
2440
2441
Super!
Hurra!
2444
2445
2446
2447
2448
2449
Hurra!
2451
2452
Super!
2454
2455
2456
Hurra!
2458
2459
2460
2461
2462
2463
Wiwat!
2465
2466
2467
2468
2469
2470
Hurra!
2472
2473
2474
Super!
2476
2477
Hurra!
2479
2480
2481
2482
2483
2484
Hurra!
Super!
2487
2488
2489
2490
2491
Hurra!
2493
2494
2495
2496
Super!
2498
Hurra!
2500
2501
2502
2503
2504
2505
Hurra!
2507
Super!
2509
2510
2511
2512
Hurra!
2514
2515
2516
2517
2518
Super!
Hurra!
2521
2522
2523
2524
2525
2526
Hurra!
2528
2529
Super!
2531
2532
2533
Hurra!
2535
2536
2537
2538
2539
2540
Wiwat!
2542
2543
2544
2545
2546
2547
Hurra!
2549
2550
2551
Super!
2553
2554
Hurra!
2556
2557
2558
2559
2560
2561
Hurra!
Super!
2564
2565
2566
2567
2568
Hurra!
2570
2571
2572
2573
Super!
2575
Hurra!
2577
2578
2579
2580
2581
2582
Hurra!
2584
Super!
2586
2587
2588
2589
Hurra!
2591
2592
2593
2594
2595
Super!
Hurra!
2598
2599
2600
2601
2602
2603
Hurra!
2605
2606
Super!
2608
2609
2610
Hurra!
2612
2613
2614
2615
2616
2617
Wiwat!
2619
2620
2621
2622
2623
2624
Hurra!
2626
2627
2628
Super!
2630
2631
Hurra!
2633
2634
2635
2636
2637
2638
Hurra!
Super!
2641
2642
2643
2644
2645
Hurra!
2647
2648
2649
2650
Super!
2652
Hurra!
2654
2655
2656
2657
2658
2659
Hurra!
2661
Super!
2663
2664
2665
2666
Hurra!
2668
2669
2670
2671
2672
Super!
Hurra!
2675
2676
2677
2678
2679
2680
Hurra!
2682
2683
Super!
2685
2686
2687
Hurra!
2689
2690
2691
2692
2693
2694
Wiwat!
2696
2697
2698
2699
2700
2701
Hurra!
2703
2704
2705
Super!
2707
2708
Hurra!
2710
2711
2712
2713
2714
2715
Hurra!
Super!
2718
2719
2720
2721
2722
Hurra!
2724
2725
2726
2727
Super!
2729
Hurra!
2731
2732
2733
2734
2735
2736
Hurra!
2738
Super!
2740
2741
2742
2743
Hurra!
2745
2746
2747
2748
2749
Super!
Hurra!
2752
2753
2754
2755
2756
2757
Hurra!
2759
2760
Super!
2762
2763
2764
Hurra!
2766
2767
2768
2769
2770
2771
Wiwat!
2773
2774
2775
2776
2777
2778
Hurra!
2780
2781
2782
Super!
2784
2785
Hurra!
2787
2788
2789
2790
2791
2792
Hurra!
Super!
2795
2796
2797
2798
2799
Hurra!
2801
2802
2803
2804
Super!
2806
Hurra!
2808
2809
2810
2811
2812
2813
Hurra!
2815
Super!
2817
2818
2819
2820
Hurra!
2822
2823
2824
2825
2826
Super!
Hurra!
2829
2830
2831
2832
2833
2834
Hurra!
2836
2837
Super!
2839
2840
2841
Hurra!
2843
2844
2845
2846
2847
2848
Wiwat!
2850
2851
2852
2853
2854
2855
Hurra!
2857
2858
2859
Super!
2861
2862
Hurra!
2864
2865
2866
2867
2868
2869
Hurra!
Super!
2872
2873
2874
2875
2876
Hurra!
2878
2879
2880
2881
Super!
2883
Hurra!
2885
2886
2887
2888
2889
2890
Hurra!
2892
Super!
2894
2895
2896
2897
Hurra!
2899
2900
2901
2902
2903
Super!
Hurra!
2906
2907
2908
2909
2910
2911
Hurra!
2913
2914
Super!
2916
2917
2918
Hurra!
2920
2921
2922
2923
2924
2925
Wiwat!
2927
2928
2929
2930
2931
2932
Hurra!
2934
2935
2936
Super!
2938
2939
Hurra!
2941
2942
2943
2944
2945
2946
Hurra!
Super!
2949
2950
2951
2952
2953
Hurra!
2955
2956
2957
2958
Super!
2960
Hurra!
2962
2963
2964
2965
2966
2967
Hurra!
2969
Super!
2971
2972
2973
2974
Hurra!
2976
2977
2978
2979
2980
Super!
Hurra!
2983
2984
2985
2986
2987
2988
Hurra!
2990
2991
Super!
2993
2994
2995
Hurra!
2997
2998
2999
3000
3001
3002
Wiwat!
3004
3005
3006
3007
3008
3009
Hurra!
3011
3012
3013
Super!
3015
3016
Hurra!
3018
3019
3020
3021
3022
3023
Hurra!
Super!
3026
3027
3028
3029
3030
Hurra!
3032
3033
3034
3035
Super!
3037
Hurra!
3039
3040
3041
3042
3043
3044
Hurra!
3046
Super!
3048
3049
3050
3051
Hurra!
3053
3054
3055
3056
3057
Super!
Hurra!
3060
3061
3062
3063
3064
3065
Hurra!
3067
3068
Super!
3070
3071
3072
Hurra!
3074
3075
3076
3077
3078
3079
Wiwat!
3081
3082
3083
3084
3085
3086
Hurra!
3088
3089
3090
Super!
3092
3093
Hurra!
3095
3096
3097
3098
3099
3100
Hurra!
Super!
3103
3104
3105
3106
3107
Hurra!
3109
3110
3111
3112
Super!
3114
Hurra!
3116
3117
3118
3119
3120
3121
Hurra!
3123
Super!
3125
3126
3127
3128
Hurra!
3130
3131
3132
3133
3134
Super!
Hurra!
3137
3138
3139
3140
3141
3142
Hurra!
3144
3145
Super!
3147
3148
3149
Hurra!
3151
3152
3153
3154
3155
3156
Wiwat!
3158
3159
3160
3161
3162
3163
Hurra!
3165
3166
3167
Super!
3169
3170
Hurra!
3172
3173
3174
3175
3176
3177
Hurra!
Super!
3180
3181
3182
3183
3184
Hurra!
3186
3187
3188
3189
Super!
3191
Hurra!
3193
3194
3195
3196
3197
3198
Hurra!
3200
Super!
3202
3203
3204
3205
Hurra!
3207
3208
3209
3210
3211
Super!
Hurra!
3214
3215
3216
3217
3218
3219
Hurra!
3221
3222
Super!
3224
3225
3226
Hurra!
3228
3229
3230
3231
3232
3233
Wiwat!
3235
3236
3237
3238
3239
3240
Hurra!
3242
3243
3244
Super!
3246
3247
Hurra!
3249
3250
3251
3252
3253
3254
Hurra!
Super!
3257
3258
3259
3260
3261
Hurra!
3263
3264
3265
3266
Super!
3268
Hurra!
3270
3271
3272
3273
3274
3275
Hurra!
3277
Super!
3279
3280
3281
3282
Hurra!
3284
3285
3286
3287
3288
Super!
Hurra!
3291
3292
3293
3294
3295
3296
Hurra!
3298
3299
Super!
3301
3302
3303
Hurra!
3305
3306
3307
3308
3309
3310
Wiwat!
3312
3313
3314
3315
3316
3317
Hurra!
3319
3320
3321
Super!
3323
3324
Hurra!
3326
3327
3328
3329
3330
3331
Hurra!
Super!
3334
3335
3336
3337
3338
Hurra!
3340
3341
3342
3343
Super!
3345
Hurra!
3347
3348
3349
3350
3351
3352
Hurra!
3354
Super!
3356
3357
3358
3359
Hurra!
3361
3362
3363
3364
3365
Super!
Hurra!
3368
3369
3370
3371
3372
3373
Hurra!
3375
3376
Super!
3378
3379
3380
Hurra!
3382
3383
3384
3385
3386
3387
Wiwat!
3389
3390
3391
3392
3393
3394
Hurra!
3396
3397
3398
Super!
3400
3401
Hurra!
3403
3404
3405
3406
3407
3408
Hurra!
Super!
3411
3412
3413
3414
3415
Hurra!
3417
3418
3419
3420
Super!
3422
Hurra!
3424
3425
3426
3427
3428
3429
Hurra!
3431
Super!
3433
3434
3435
3436
Hurra!
3438
3439
3440
3441
3442
Super!
Hurra!
3445
3446
3447
3448
3449
3450
Hurra!
3452
3453
Super!
3455
3456
3457
Hurra!
3459
3460
3461
3462
3463
3464
Wiwat!
3466
3467
3468
3469
3470
3471
Hurra!
3473
3474
3475
Super!
3477
3478
Hurra!
3480
3481
3482
3483
3484
3485
Hurra!
Super!
3488
3489
3490
3491
3492
Hurra!
3494
3495
3496
3497
Super!
3499
Hurra!
3501
3502
3503
3504
3505
3506
Hurra!
3508
Super!
3510
3511
3512
3513
Hurra!
3515
3516
3517
3518
3519
Super!
Hurra!
3522
3523
3524
3525
3526
3527
Hurra!
3529
3530
Super!
3532
3533
3534
Hurra!
3536
3537
3538
3539
3540
3541
Wiwat!
3543
3544
3545
3546
3547
3548
Hurra!
3550
3551
3552
Super!
3554
3555
Hurra!
3557
3558
3559
3560
3561
3562
Hurra!
Super!
3565
3566
3567
3568
3569
Hurra!
3571
3572
3573
3574
Super!
3576
Hurra!
3578
3579
3580
3581
3582
3583
Hurra!
3585
Super!
3587
3588
3589
3590
Hurra!
3592
3593
3594
3595
3596
Super!
Hurra!
3599
3600
3601
3602
3603
3604
Hurra!
3606
3607
Super!
3609
3610
3611
Hurra!
3613
3614
3615
3616
3617
3618
Wiwat!
3620
3621
3622
3623
3624
3625
Hurra!
3627
3628
3629
Super!
3631
3632
Hurra!
3634
3635
3636
3637
3638
3639
Hurra!
Super!
3642
3643
3644
3645
3646
Hurra!
3648
3649
3650
3651
Super!
3653
Hurra!
3655
3656
3657
3658
3659
3660
Hurra!
3662
Super!
3664
3665
3666
3667
Hurra!
3669
3670
3671
3672
3673
Super!
Hurra!
3676
3677
3678
3679
3680
3681
Hurra!
3683
3684
Super!
3686
3687
3688
Hurra!
3690
3691
3692
3693
3694
3695
Wiwat!
3697
3698
3699
3700
3701
3702
Hurra!
3704
3705
3706
Super!
3708
3709
Hurra!
3711
3712
3713
3714
3715
3716
Hurra!
Super!
3719
3720
3721
3722
3723
Hurra!
3725
3726
3727
3728
Super!
3730
Hurra!
3732
3733
3734
3735
3736
3737
Hurra!
3739
Super!
3741
3742
3743
3744
Hurra!
3746
3747
3748
3749
3750
Super!
Hurra!
3753
3754
3755
3756
3757
3758
Hurra!
3760
3761
Super!
3763
3764
3765
Hurra!
3767
3768
3769
3770
3771
3772
Wiwat!
3774
3775
3776
3777
3778
3779
Hurra!
3781
3782
3783
Super!
3785
3786
Hurra!
3788
3789
3790
3791
3792
3793
Hurra!
Super!
3796
3797
3798
3799
3800
Hurra!
3802
3803
3804
3805
Super!
3807
Hurra!
3809
3810
3811
3812
3813
3814
Hurra!
3816
Super!
3818
3819
3820
3821
Hurra!
3823
3824
3825
3826
3827
Super!
Hurra!
3830
3831
3832
3833
3834
3835
Hurra!
3837
3838
Super!
3840
3841
3842
Hurra!
3844
3845
3846
3847
3848
3849
Wiwat!
3851
3852
3853
3854
3855
3856
Hurra!
3858
3859
3860
Super!
3862
3863
Hurra!
3865
3866
3867
3868
3869
3870
Hurra!
Super!
3873
3874
3875
3876
3877
Hurra!
3879
3880
3881
3882
Super!
3884
Hurra!
3886
3887
3888
3889
3890
3891
Hurra!
3893
Super!
3895
3896
3897
3898
Hurra!
3900
3901
3902
3903
3904
Super!
Hurra!
3907
3908
3909
3910
3911
3912
Hurra!
3914
3915
Super!
3917
3918
3919
Hurra!
3921
3922
3923
3924
3925
3926
Wiwat!
3928
3929
3930
3931
3932
3933
Hurra!
3935
3936
3937
Super!
3939
3940
Hurra!
3942
3943
3944
3945
3946
3947
Hurra!
Super!
3950
3951
3952
3953
3954
Hurra!
3956
3957
3958
3959
Super!
3961
Hurra!
3963
3964
3965
3966
3967
3968
Hurra!
3970
Super!
3972
3973
3974
3975
Hurra!
3977
3978
3979
3980
3981
Super!
Hurra!
3984
3985
3986
3987
3988
3989
Hurra!
3991
3992
Super!
3994
3995
3996
Hurra!
3998
3999
4000
4001
4002
4003
Wiwat!
4005
4006
4007
4008
4009
4010
Hurra!
4012
4013
4014
Super!
4016
4017
Hurra!
4019
4020
4021
4022
4023
4024
Hurra!
Super!
4027
4028
4029
4030
4031
Hurra!
4033
4034
4035
4036
Super!
4038
Hurra!
4040
4041
4042
4043
4044
4045
Hurra!
4047
Super!
4049
4050
4051
4052
Hurra!
4054
4055
4056
4057
4058
Super!
Hurra!
4061
4062
4063
4064
4065
4066
Hurra!
4068
4069
Super!
4071
4072
4073
Hurra!
4075
4076
4077
4078
4079
4080
Wiwat!
4082
4083
4084
4085
4086
4087
Hurra!
4089
4090
4091
Super!
4093
4094
Hurra!
4096
4097
4098
4099
4100
4101
Hurra!
Super!
4104
4105
4106
4107
4108
Hurra!
4110
4111
4112
4113
Super!
4115
Hurra!
4117
4118
4119
4120
4121
4122
Hurra!
4124
Super!
4126
4127
4128
4129
Hurra!
4131
4132
4133
4134
4135
Super!
Hurra!
4138
4139
4140
4141
4142
4143
Hurra!
4145
4146
Super!
4148
4149
4150
Hurra!
4152
4153
4154
4155
4156
4157
Wiwat!
4159
4160
4161
4162
4163
4164
Hurra!
4166
4167
4168
Super!
4170
4171
Hurra!
4173
4174
4175
4176
4177
4178
Hurra!
Super!
4181
4182
4183
4184
4185
Hurra!
4187
4188
4189
4190
Super!
4192
Hurra!
4194
4195
4196
4197
4198
4199
Hurra!
4201
Super!
4203
4204
4205
4206
Hurra!
4208
4209
4210
4211
4212
Super!
Hurra!
4215
4216
4217
4218
4219
4220
Hurra!
4222
4223
Super!
4225
4226
4227
Hurra!
4229
4230
4231
4232
4233
4234
Wiwat!
4236
4237
4238
4239
4240
4241
Hurra!
4243
4244
4245
Super!
4247
4248
Hurra!
4250
4251
4252
4253
4254
4255
Hurra!
Super!
4258
4259
4260
4261
4262
Hurra!
4264
4265
4266
4267
Super!
4269
Hurra!
4271
4272
4273
4274
4275
4276
Hurra!
4278
Super!
4280
4281
4282
4283
Hurra!
4285
4286
4287
4288
4289
Super!
Hurra!
4292
4293
4294
4295
4296
4297
Hurra!
4299
4300
Super!
4302
4303
4304
Hurra!
4306
4307
4308
4309
4310
4311
Wiwat!
4313
4314
4315
4316
4317
4318
Hurra!
4320
4321
4322
Super!
4324
4325
Hurra!
4327
4328
4329
4330
4331
4332
Hurra!
Super!
4335
4336
4337
4338
4339
Hurra!
4341
4342
4343
4344
Super!
4346
Hurra!
4348
4349
4350
4351
4352
4353
Hurra!
4355
Super!
4357
4358
4359
4360
Hurra!
4362
4363
4364
4365
4366
Super!
Hurra!
4369
4370
4371
4372
4373
4374
Hurra!
4376
4377
Super!
4379
4380
4381
Hurra!
4383
4384
4385
4386
4387
4388
Wiwat!
4390
4391
4392
4393
4394
4395
Hurra!
4397
4398
4399
Super!
4401
4402
Hurra!
4404
4405
4406
4407
4408
4409
Hurra!
Super!
4412
4413
4414
4415
4416
Hurra!
4418
4419
4420
4421
Super!
4423
Hurra!
4425
4426
4427
4428
4429
4430
Hurra!
4432
Super!
4434
4435
4436
4437
Hurra!
4439
4440
4441
4442
4443
Super!
Hurra!
4446
4447
4448
4449
4450
4451
Hurra!
4453
4454
Super!
4456
4457
4458
Hurra!
4460
4461
4462
4463
4464
4465
Wiwat!
4467
4468
4469
4470
4471
4472
Hurra!
4474
4475
4476
Super!
4478
4479
Hurra!
4481
4482
4483
4484
4485
4486
Hurra!
Super!
4489
4490
4491
4492
4493
Hurra!
4495
4496
4497
4498
Super!
4500
Hurra!
4502
4503
4504
4505
4506
4507
Hurra!
4509
Super!
4511
4512
4513
4514
Hurra!
4516
4517
4518
4519
4520
Super!
Hurra!
4523
4524
4525
4526
4527
4528
Hurra!
4530
4531
Super!
4533
4534
4535
Hurra!
4537
4538
4539
4540
4541
4542
Wiwat!
4544
4545
4546
4547
4548
4549
Hurra!
4551
4552
4553
Super!
4555
4556
Hurra!
4558
4559
4560
4561
4562
4563
Hurra!
Super!
4566
4567
4568
4569
4570
Hurra!
4572
4573
4574
4575
Super!
4577
Hurra!
4579
4580
4581
4582
4583
4584
Hurra!
4586
Super!
4588
4589
4590
4591
Hurra!
4593
4594
4595
4596
4597
Super!
Hurra!
4600
4601
4602
4603
4604
4605
Hurra!
4607
4608
Super!
4610
4611
4612
Hurra!
4614
4615
4616
4617
4618
4619
Wiwat!
4621
4622
4623
4624
4625
4626
Hurra!
4628
4629
4630
Super!
4632
4633
Hurra!
4635
4636
4637
4638
4639
4640
Hurra!
Super!
4643
4644
4645
4646
4647
Hurra!
4649
4650
4651
4652
Super!
4654
Hurra!
4656
4657
4658
4659
4660
4661
Hurra!
4663
Super!
4665
4666
4667
4668
Hurra!
4670
4671
4672
4673
4674
Super!
Hurra!
4677
4678
4679
4680
4681
4682
Hurra!
4684
4685
Super!
4687
4688
4689
Hurra!
4691
4692
4693
4694
4695
4696
Wiwat!
4698
4699
4700
4701
4702
4703
Hurra!
4705
4706
4707
Super!
4709
4710
Hurra!
4712
4713
4714
4715
4716
4717
Hurra!
Super!
4720
4721
4722
4723
4724
Hurra!
4726
4727
4728
4729
Super!
4731
Hurra!
4733
4734
4735
4736
4737
4738
Hurra!
4740
Super!
4742
4743
4744
4745
Hurra!
4747
4748
4749
4750
4751
Super!
Hurra!
4754
4755
4756
4757
4758
4759
Hurra!
4761
4762
Super!
4764
4765
4766
Hurra!
4768
4769
4770
4771
4772
4773
Wiwat!
4775
4776
4777
4778
4779
4780
Hurra!
4782
4783
4784
Super!
4786
4787
Hurra!
4789
4790
4791
4792
4793
4794
Hurra!
Super!
4797
4798
4799
4800
4801
Hurra!
4803
4804
4805
4806
Super!
4808
Hurra!
4810
4811
4812
4813
4814
4815
Hurra!
4817
Super!
4819
4820
4821
4822
Hurra!
4824
4825
4826
4827
4828
Super!
Hurra!
4831
4832
4833
4834
4835
4836
Hurra!
4838
4839
Super!
4841
4842
4843
Hurra!
4845
4846
4847
4848
4849
4850
Wiwat!
4852
4853
4854
4855
4856
4857
Hurra!
4859
4860
4861
Super!
4863
4864
Hurra!
4866
4867
4868
4869
4870
4871
Hurra!
Super!
4874
4875
4876
4877
4878
Hurra!
4880
4881
4882
4883
Super!
4885
Hurra!
4887
4888
4889
4890
4891
4892
Hurra!
4894
Super!
4896
4897
4898
4899
Hurra!
4901
4902
4903
4904
4905
Super!
Hurra!
4908
4909
4910
4911
4912
4913
Hurra!
4915
4916
Super!
4918
4919
4920
Hurra!
4922
4923
4924
4925
4926
4927
Wiwat!
4929
4930
4931
4932
4933
4934
Hurra!
4936
4937
4938
Super!
4940
4941
Hurra!
4943
4944
4945
4946
4947
4948
Hurra!
Super!
4951
4952
4953
4954
4955
Hurra!
4957
4958
4959
4960
Super!
4962
Hurra!
4964
4965
4966
4967
4968
4969
Hurra!
4971
Super!
4973
4974
4975
4976
Hurra!
4978
4979
4980
4981
4982
Super!
Hurra!
4985
4986
4987
4988
4989
4990
Hurra!
4992
4993
Super!
4995
4996
4997
Hurra!
4999
5000
5001
5002
5003
5004
Wiwat!
5006
5007
5008
5009
5010
5011
Hurra!
5013
5014
5015
Super!
5017
5018
Hurra!
5020
5021
5022
5023
5024
5025
Hurra!
Super!
5028
5029
5030
5031
5032
Hurra!
5034
5035
5036
5037
Super!
5039
Hurra!
5041
5042
5043
5044
5045
5046
Hurra!
5048
Super!
5050
5051
5052
5053
Hurra!
5055
5056
5057
5058
5059
Super!
Hurra!
5062
5063
5064
5065
5066
5067
Hurra!
5069
5070
Super!
5072
5073
5074
Hurra!
5076
5077
5078
5079
5080
5081
Wiwat!
5083
5084
5085
5086
5087
5088
Hurra!
5090
5091
5092
Super!
5094
5095
Hurra!
5097
5098
5099
5100
5101
5102
Hurra!
Super!
5105
5106
5107
5108
5109
Hurra!
5111
5112
5113
5114
Super!
5116
Hurra!
5118
5119
5120
5121
5122
5123
Hurra!
5125
Super!
5127
5128
5129
5130
Hurra!
5132
5133
5134
5135
5136
Super!
Hurra!
5139
5140
5141
5142
5143
5144
Hurra!
5146
5147
Super!
5149
5150
5151
Hurra!
5153
5154
5155
5156
5157
5158
Wiwat!
5160
5161
5162
5163
5164
5165
Hurra!
5167
5168
5169
Super!
5171
5172
Hurra!
5174
5175
5176
5177
5178
5179
Hurra!
Super!
5182
5183
5184
5185
5186
Hurra!
5188
5189
5190
5191
Super!
5193
Hurra!
5195
5196
5197
5198
5199
5200
Hurra!
5202
Super!
5204
5205
5206
5207
Hurra!
5209
5210
5211
5212
5213
Super!
Hurra!
5216
5217
5218
5219
5220
5221
Hurra!
5223
5224
Super!
5226
5227
5228
Hurra!
5230
5231
5232
5233
5234
5235
Wiwat!
5237
5238
5239
5240
5241
5242
Hurra!
5244
5245
5246
Super!
5248
5249
Hurra!
5251
5252
5253
5254
5255
5256
Hurra!
Super!
5259
5260
5261
5262
5263
Hurra!
5265
5266
5267
5268
Super!
5270
Hurra!
5272
5273
5274
5275
5276
5277
Hurra!
5279
Super!
5281
5282
5283
5284
Hurra!
5286
5287
5288
5289
5290
Super!
Hurra!
5293
5294
5295
5296
5297
5298
Hurra!
5300
5301
Super!
5303
5304
5305
Hurra!
5307
5308
5309
5310
5311
5312
Wiwat!
5314
5315
5316
5317
5318
5319
Hurra!
5321
5322
5323
Super!
5325
5326
Hurra!
5328
5329
5330
5331
5332
5333
Hurra!
Super!
5336
5337
5338
5339
5340
Hurra!
5342
5343
5344
5345
Super!
5347
Hurra!
5349
5350
5351
5352
5353
5354
Hurra!
5356
Super!
5358
5359
5360
5361
Hurra!
5363
5364
5365
5366
5367
Super!
Hurra!
5370
5371
5372
5373
5374
5375
Hurra!
5377
5378
Super!
5380
5381
5382
Hurra!
5384
5385
5386
5387
5388
5389
Wiwat!
5391
5392
5393
5394
5395
5396
Hurra!
5398
5399
5400
Super!
5402
5403
Hurra!
5405
5406
5407
5408
5409
5410
Hurra!
Super!
5413
5414
5415
5416
5417
Hurra!
5419
5420
5421
5422
Super!
5424
Hurra!
5426
5427
5428
5429
5430
5431
Hurra!
5433
Super!
5435
5436
5437
5438
Hurra!
5440
5441
5442
5443
5444
Super!
Hurra!
5447
5448
5449
5450
5451
5452
Hurra!
5454
5455
Super!
5457
5458
5459
Hurra!
5461
5462
5463
5464
5465
5466
Wiwat!
5468
5469
5470
5471
5472
5473
Hurra!
5475
5476
5477
Super!
5479
5480
Hurra!
5482
5483
5484
5485
5486
5487
Hurra!
Super!
5490
5491
5492
5493
5494
Hurra!
5496
5497
5498
5499
Super!
5501
Hurra!
5503
5504
5505
5506
5507
5508
Hurra!
5510
Super!
5512
5513
5514
5515
Hurra!
5517
5518
5519
5520
5521
Super!
Hurra!
5524
5525
5526
5527
5528
5529
Hurra!
5531
5532
Super!
5534
5535
5536
Hurra!
5538
5539
5540
5541
5542
5543
Wiwat!
5545
5546
5547
5548
5549
5550
Hurra!
5552
5553
5554
Super!
5556
5557
Hurra!
5559
5560
5561
5562
5563
5564
Hurra!
Super!
5567
5568
5569
5570
5571
Hurra!
5573
5574
5575
5576
Super!
5578
Hurra!
5580
5581
5582
5583
5584
5585
Hurra!
5587
Super!
5589
5590
5591
5592
Hurra!
5594
5595
5596
5597
5598
Super!
Hurra!
5601
5602
5603
5604
5605
5606
Hurra!
5608
5609
Super!
5611
5612
5613
Hurra!
5615
5616
5617
5618
5619
5620
Wiwat!
5622
5623
5624
5625
5626
5627
Hurra!
5629
5630
5631
Super!
5633
5634
Hurra!
5636
5637
5638
5639
5640
5641
Hurra!
Super!
5644
5645
5646
5647
5648
Hurra!
5650
5651
5652
5653
Super!
5655
Hurra!
5657
5658
5659
5660
5661
5662
Hurra!
5664
Super!
5666
5667
5668
5669
Hurra!
5671
5672
5673
5674
5675
Super!
Hurra!
5678
5679
5680
5681
5682
5683
Hurra!
5685
5686
Super!
5688
5689
5690
Hurra!
5692
5693
5694
5695
5696
5697
Wiwat!
5699
5700
5701
5702
5703
5704
Hurra!
5706
5707
5708
Super!
5710
5711
Hurra!
5713
5714
5715
5716
5717
5718
Hurra!
Super!
5721
5722
5723
5724
5725
Hurra!
5727
5728
5729
5730
Super!
5732
Hurra!
5734
5735
5736
5737
5738
5739
Hurra!
5741
Super!
5743
5744
5745
5746
Hurra!
5748
5749
5750
5751
5752
Super!
Hurra!
5755
5756
5757
5758
5759
5760
Hurra!
5762
5763
Super!
5765
5766
5767
Hurra!
5769
5770
5771
5772
5773
5774
Wiwat!
5776
5777
5778
5779
5780
5781
Hurra!
5783
5784
5785
Super!
5787
5788
Hurra!
5790
5791
5792
5793
5794
5795
Hurra!
Super!
5798
5799
5800
5801
5802
Hurra!
5804
5805
5806
5807
Super!
5809
Hurra!
5811
5812
5813
5814
5815
5816
Hurra!
5818
Super!
5820
5821
5822
5823
Hurra!
5825
5826
5827
5828
5829
Super!
Hurra!
5832
5833
5834
5835
5836
5837
Hurra!
5839
5840
Super!
5842
5843
5844
Hurra!
5846
5847
5848
5849
5850
5851
Wiwat!
5853
5854
5855
5856
5857
5858
Hurra!
5860
5861
5862
Super!
5864
5865
Hurra!
5867
5868
5869
5870
5871
5872
Hurra!
Super!
5875
5876
5877
5878
5879
Hurra!
5881
5882
5883
5884
Super!
5886
Hurra!
5888
5889
5890
5891
5892
5893
Hurra!
5895
Super!
5897
5898
5899
5900
Hurra!
5902
5903
5904
5905
5906
Super!
Hurra!
5909
5910
5911
5912
5913
5914
Hurra!
5916
5917
Super!
5919
5920
5921
Hurra!
5923
5924
5925
5926
5927
5928
Wiwat!
5930
5931
5932
5933
5934
5935
Hurra!
5937
5938
5939
Super!
5941
5942
Hurra!
5944
5945
5946
5947
5948
5949
Hurra!
Super!
5952
5953
5954
5955
5956
Hurra!
5958
5959
5960
5961
Super!
5963
Hurra!
5965
5966
5967
5968
5969
5970
Hurra!
5972
Super!
5974
5975
5976
5977
Hurra!
5979
5980
5981
5982
5983
Super!
Hurra!
5986
5987
5988
5989
5990
5991
Hurra!
5993
5994
Super!
5996
5997
5998
Hurra!
6000
6001
6002
6003
6004
6005
Wiwat!
6007
6008
6009
6010
6011
6012
Hurra!
6014
6015
6016
Super!
6018
6019
Hurra!
6021
6022
6023
6024
6025
6026
Hurra!
Super!
6029
6030
6031
6032
6033
Hurra!
6035
6036
6037
6038
Super!
6040
Hurra!
6042
6043
6044
6045
6046
6047
Hurra!
6049
Super!
6051
6052
6053
6054
Hurra!
6056
6057
6058
6059
6060
Super!
Hurra!
6063
6064
6065
6066
6067
6068
Hurra!
6070
6071
Super!
6073
6074
6075
Hurra!
6077
6078
6079
6080
6081
6082
Wiwat!
6084
6085
6086
6087
6088
6089
Hurra!
6091
6092
6093
Super!
6095
6096
Hurra!
6098
6099
6100
6101
6102
6103
Hurra!
Super!
6106
6107
6108
6109
6110
Hurra!
6112
6113
6114
6115
Super!
6117
Hurra!
6119
6120
6121
6122
6123
6124
Hurra!
6126
Super!
6128
6129
6130
6131
Hurra!
6133
6134
6135
6136
6137
Super!
Hurra!
6140
6141
6142
6143
6144
6145
Hurra!
6147
6148
Super!
6150
6151
6152
Hurra!
6154
6155
6156
6157
6158
6159
Wiwat!
6161
6162
6163
6164
6165
6166
Hurra!
6168
6169
6170
Super!
6172
6173
Hurra!
6175
6176
6177
6178
6179
6180
Hurra!
Super!
6183
6184
6185
6186
6187
Hurra!
6189
6190
6191
6192
Super!
6194
Hurra!
6196
6197
6198
6199
6200
6201
Hurra!
6203
Super!
6205
6206
6207
6208
Hurra!
6210
6211
6212
6213
6214
Super!
Hurra!
6217
6218
6219
6220
6221
6222
Hurra!
6224
6225
Super!
6227
6228
6229
Hurra!
6231
6232
6233
6234
6235
6236
Wiwat!
6238
6239
6240
6241
6242
6243
Hurra!
6245
6246
6247
Super!
6249
6250
Hurra!
6252
6253
6254
6255
6256
6257
Hurra!
Super!
6260
6261
6262
6263
6264
Hurra!
6266
6267
6268
6269
Super!
6271
Hurra!
6273
6274
6275
6276
6277
6278
Hurra!
6280
Super!
6282
6283
6284
6285
Hurra!
6287
6288
6289
6290
6291
Super!
Hurra!
6294
6295
6296
6297
6298
6299
Hurra!
6301
6302
Super!
6304
6305
6306
Hurra!
6308
6309
6310
6311
6312
6313
Wiwat!
6315
6316
6317
6318
6319
6320
Hurra!
6322
6323
6324
Super!
6326
6327
Hurra!
6329
6330
6331
6332
6333
6334
Hurra!
Super!
6337
6338
6339
6340
6341
Hurra!
6343
6344
6345
6346
Super!
6348
Hurra!
6350
6351
6352
6353
6354
6355
Hurra!
6357
Super!
6359
6360
6361
6362
Hurra!
6364
6365
6366
6367
6368
Super!
Hurra!
6371
6372
6373
6374
6375
6376
Hurra!
6378
6379
Super!
6381
6382
6383
Hurra!
6385
6386
6387
6388
6389
6390
Wiwat!
6392
6393
6394
6395
6396
6397
Hurra!
6399
6400
6401
Super!
6403
6404
Hurra!
6406
6407
6408
6409
6410
6411
Hurra!
Super!
6414
6415
6416
6417
6418
Hurra!
6420
6421
6422
6423
Super!
6425
Hurra!
6427
6428
6429
6430
6431
6432
Hurra!
6434
Super!
6436
6437
6438
6439
Hurra!
6441
6442
6443
6444
6445
Super!
Hurra!
6448
6449
6450
6451
6452
6453
Hurra!
6455
6456
Super!
6458
6459
6460
Hurra!
6462
6463
6464
6465
6466
6467
Wiwat!
6469
6470
6471
6472
6473
6474
Hurra!
6476
6477
6478
Super!
6480
6481
Hurra!
6483
6484
6485
6486
6487
6488
Hurra!
Super!
6491
6492
6493
6494
6495
Hurra!
6497
6498
6499
6500
Super!
6502
Hurra!
6504
6505
6506
6507
6508
6509
Hurra!
6511
Super!
6513
6514
6515
6516
Hurra!
6518
6519
6520
6521
6522
Super!
Hurra!
6525
6526
6527
6528
6529
6530
Hurra!
6532
6533
Super!
6535
6536
6537
Hurra!
6539
6540
6541
6542
6543
6544
Wiwat!
6546
6547
6548
6549
6550
6551
Hurra!
6553
6554
6555
Super!
6557
6558
Hurra!
6560
6561
6562
6563
6564
6565
Hurra!
Super!
6568
6569
6570
6571
6572
Hurra!
6574
6575
6576
6577
Super!
6579
Hurra!
6581
6582
6583
6584
6585
6586
Hurra!
6588
Super!
6590
6591
6592
6593
Hurra!
6595
6596
6597
6598
6599
Super!
Hurra!
6602
6603
6604
6605
6606
6607
Hurra!
6609
6610
Super!
6612
6613
6614
Hurra!
6616
6617
6618
6619
6620
6621
Wiwat!
6623
6624
6625
6626
6627
6628
Hurra!
6630
6631
6632
Super!
6634
6635
Hurra!
6637
6638
6639
6640
6641
6642
Hurra!
Super!
6645
6646
6647
6648
6649
Hurra!
6651
6652
6653
6654
Super!
6656
Hurra!
6658
6659
6660
6661
6662
6663
Hurra!
6665
Super!
6667
6668
6669
6670
Hurra!
6672
6673
6674
6675
6676
Super!
Hurra!
6679
6680
6681
6682
6683
6684
Hurra!
6686
6687
Super!
6689
6690
6691
Hurra!
6693
6694
6695
6696
6697
6698
Wiwat!
6700
6701
6702
6703
6704
6705
Hurra!
6707
6708
6709
Super!
6711
6712
Hurra!
6714
6715
6716
6717
6718
6719
Hurra!
Super!
6722
6723
6724
6725
6726
Hurra!
6728
6729
6730
6731
Super!
6733
Hurra!
6735
6736
6737
6738
6739
6740
Hurra!
6742
Super!
6744
6745
6746
6747
Hurra!
6749
6750
6751
6752
6753
Super!
Hurra!
6756
6757
6758
6759
6760
6761
Hurra!
6763
6764
Super!
6766
6767
6768
Hurra!
6770
6771
6772
6773
6774
6775
Wiwat!
6777
6778
6779
6780
6781
6782
Hurra!
6784
6785
6786
Super!
6788
6789
Hurra!
6791
6792
6793
6794
6795
6796
Hurra!
Super!
6799
6800
6801
6802
6803
Hurra!
6805
6806
6807
6808
Super!
6810
Hurra!
6812
6813
6814
6815
6816
6817
Hurra!
6819
Super!
6821
6822
6823
6824
Hurra!
6826
6827
6828
6829
6830
Super!
Hurra!
6833
6834
6835
6836
6837
6838
Hurra!
6840
6841
Super!
6843
6844
6845
Hurra!
6847
6848
6849
6850
6851
6852
Wiwat!
6854
6855
6856
6857
6858
6859
Hurra!
6861
6862
6863
Super!
6865
6866
Hurra!
6868
6869
6870
6871
6872
6873
Hurra!
Super!
6876
6877
6878
6879
6880
Hurra!
6882
6883
6884
6885
Super!
6887
Hurra!
6889
6890
6891
6892
6893
6894
Hurra!
6896
Super!
6898
6899
6900
6901
Hurra!
6903
6904
6905
6906
6907
Super!
Hurra!
6910
6911
6912
6913
6914
6915
Hurra!
6917
6918
Super!
6920
6921
6922
Hurra!
6924
6925
6926
6927
6928
6929
Wiwat!
6931
6932
6933
6934
6935
6936
Hurra!
6938
6939
6940
Super!
6942
6943
Hurra!
6945
6946
6947
6948
6949
6950
Hurra!
Super!
6953
6954
6955
6956
6957
Hurra!
6959
6960
6961
6962
Super!
6964
Hurra!
6966
6967
6968
6969
6970
6971
Hurra!
6973
Super!
6975
6976
6977
6978
Hurra!
6980
6981
6982
6983
6984
Super!
Hurra!
6987
6988
6989
6990
6991
6992
Hurra!
6994
6995
Super!
6997
6998
6999
Hurra!
7001
7002
7003
7004
7005
7006
Wiwat!
7008
7009
7010
7011
7012
7013
Hurra!
7015
7016
7017
Super!
7019
7020
Hurra!
7022
7023
7024
7025
7026
7027
Hurra!
Super!
7030
7031
7032
7033
7034
Hurra!
7036
7037
7038
7039
Super!
7041
Hurra!
7043
7044
7045
7046
7047
7048
Hurra!
7050
Super!
7052
7053
7054
7055
Hurra!
7057
7058
7059
7060
7061
Super!
Hurra!
7064
7065
7066
7067
7068
7069
Hurra!
7071
7072
Super!
7074
7075
7076
Hurra!
7078
7079
7080
7081
7082
7083
Wiwat!
7085
7086
7087
7088
7089
7090
Hurra!
7092
7093
7094
Super!
7096
7097
Hurra!
7099
7100
7101
7102
7103
7104
Hurra!
Super!
7107
7108
7109
7110
7111
Hurra!
7113
7114
7115
7116
Super!
7118
Hurra!
7120
7121
7122
7123
7124
7125
Hurra!
7127
Super!
7129
7130
7131
7132
Hurra!
7134
7135
7136
7137
7138
Super!
Hurra!
7141
7142
7143
7144
7145
7146
Hurra!
7148
7149
Super!
7151
7152
7153
Hurra!
7155
7156
7157
7158
7159
7160
Wiwat!
7162
7163
7164
7165
7166
7167
Hurra!
7169
7170
7171
Super!
7173
7174
Hurra!
7176
7177
7178
7179
7180
7181
Hurra!
Super!
7184
7185
7186
7187
7188
Hurra!
7190
7191
7192
7193
Super!
7195
Hurra!
7197
7198
7199
7200
7201
7202
Hurra!
7204
Super!
7206
7207
7208
7209
Hurra!
7211
7212
7213
7214
7215
Super!
Hurra!
7218
7219
7220
7221
7222
7223
Hurra!
7225
7226
Super!
7228
7229
7230
Hurra!
7232
7233
7234
7235
7236
7237
Wiwat!
7239
7240
7241
7242
7243
7244
Hurra!
7246
7247
7248
Super!
7250
7251
Hurra!
7253
7254
7255
7256
7257
7258
Hurra!
Super!
7261
7262
7263
7264
7265
Hurra!
7267
7268
7269
7270
Super!
7272
Hurra!
7274
7275
7276
7277
7278
7279
Hurra!
7281
Super!
7283
7284
7285
7286
Hurra!
7288
7289
7290
7291
7292
Super!
Hurra!
7295
7296
7297
7298
7299
7300
Hurra!
7302
7303
Super!
7305
7306
7307
Hurra!
7309
7310
7311
7312
7313
7314
Wiwat!
7316
7317
7318
7319
7320
7321
Hurra!
7323
7324
7325
Super!
7327
7328
Hurra!
7330
7331
7332
7333
7334
7335
Hurra!
Super!
7338
7339
7340
7341
7342
Hurra!
7344
7345
7346
7347
Super!
7349
Hurra!
7351
7352
7353
7354
7355
7356
Hurra!
7358
Super!
7360
7361
7362
7363
Hurra!
7365
7366
7367
7368
7369
Super!
Hurra!
7372
7373
7374
7375
7376
7377
Hurra!
7379
7380
Super!
7382
7383
7384
Hurra!
7386
7387
7388
7389
7390
7391
Wiwat!
7393
7394
7395
7396
7397
7398
Hurra!
7400
7401
7402
Super!
7404
7405
Hurra!
7407
7408
7409
7410
7411
7412
Hurra!
Super!
7415
7416
7417
7418
7419
Hurra!
7421
7422
7423
7424
Super!
7426
Hurra!
7428
7429
7430
7431
7432
7433
Hurra!
7435
Super!
7437
7438
7439
7440
Hurra!
7442
7443
7444
7445
7446
Super!
Hurra!
7449
7450
7451
7452
7453
7454
Hurra!
7456
7457
Super!
7459
7460
7461
Hurra!
7463
7464
7465
7466
7467
7468
Wiwat!
7470
7471
7472
7473
7474
7475
Hurra!
7477
7478
7479
Super!
7481
7482
Hurra!
7484
7485
7486
7487
7488
7489
Hurra!
Super!
7492
7493
7494
7495
7496
Hurra!
7498
7499
7500
7501
Super!
7503
Hurra!
7505
7506
7507
7508
7509
7510
Hurra!
7512
Super!
7514
7515
7516
7517
Hurra!
7519
7520
7521
7522
7523
Super!
Hurra!
7526
7527
7528
7529
7530
7531
Hurra!
7533
7534
Super!
7536
7537
7538
Hurra!
7540
7541
7542
7543
7544
7545
Wiwat!
7547
7548
7549
7550
7551
7552
Hurra!
7554
7555
7556
Super!
7558
7559
Hurra!
7561
7562
7563
7564
7565
7566
Hurra!
Super!
7569
7570
7571
7572
7573
Hurra!
7575
7576
7577
7578
Super!
7580
Hurra!
7582
7583
7584
7585
7586
7587
Hurra!
7589
Super!
7591
7592
7593
7594
Hurra!
7596
7597
7598
7599
7600
Super!
Hurra!
7603
7604
7605
7606
7607
7608
Hurra!
7610
7611
Super!
7613
7614
7615
Hurra!
7617
7618
7619
7620
7621
7622
Wiwat!
7624
7625
7626
7627
7628
7629
Hurra!
7631
7632
7633
Super!
7635
7636
Hurra!
7638
7639
7640
7641
7642
7643
Hurra!
Super!
7646
7647
7648
7649
7650
Hurra!
7652
7653
7654
7655
Super!
7657
Hurra!
7659
7660
7661
7662
7663
7664
Hurra!
7666
Super!
7668
7669
7670
7671
Hurra!
7673
7674
7675
7676
7677
Super!
Hurra!
7680
7681
7682
7683
7684
7685
Hurra!
7687
7688
Super!
7690
7691
7692
Hurra!
7694
7695
7696
7697
7698
7699
Wiwat!
7701
7702
7703
7704
7705
7706
Hurra!
7708
7709
7710
Super!
7712
7713
Hurra!
7715
7716
7717
7718
7719
7720
Hurra!
Super!
7723
7724
7725
7726
7727
Hurra!
7729
7730
7731
7732
Super!
7734
Hurra!
7736
7737
7738
7739
7740
7741
Hurra!
7743
Super!
7745
7746
7747
7748
Hurra!
7750
7751
7752
7753
7754
Super!
Hurra!
7757
7758
7759
7760
7761
7762
Hurra!
7764
7765
Super!
7767
7768
7769
Hurra!
7771
7772
7773
7774
7775
7776
Wiwat!
7778
7779
7780
7781
7782
7783
Hurra!
7785
7786
7787
Super!
7789
7790
Hurra!
7792
7793
7794
7795
7796
7797
Hurra!
Super!
7800
7801
7802
7803
7804
Hurra!
7806
7807
7808
7809
Super!
7811
Hurra!
7813
7814
7815
7816
7817
7818
Hurra!
7820
Super!
7822
7823
7824
7825
Hurra!
7827
7828
7829
7830
7831
Super!
Hurra!
7834
7835
7836
7837
7838
7839
Hurra!
7841
7842
Super!
7844
7845
7846
Hurra!
7848
7849
7850
7851
7852
7853
Wiwat!
7855
7856
7857
7858
7859
7860
Hurra!
7862
7863
7864
Super!
7866
7867
Hurra!
7869
7870
7871
7872
7873
7874
Hurra!
Super!
7877
7878
7879
7880
7881
Hurra!
7883
7884
7885
7886
Super!
7888
Hurra!
7890
7891
7892
7893
7894
7895
Hurra!
7897
Super!
7899
7900
7901
7902
Hurra!
7904
7905
7906
7907
7908
Super!
Hurra!
7911
7912
7913
7914
7915
7916
Hurra!
7918
7919
Super!
7921
7922
7923
Hurra!
7925
7926
7927
7928
7929
7930
Wiwat!
7932
7933
7934
7935
7936
7937
Hurra!
7939
7940
7941
Super!
7943
7944
Hurra!
7946
7947
7948
7949
7950
7951
Hurra!
Super!
7954
7955
7956
7957
7958
Hurra!
7960
7961
7962
7963
Super!
7965
Hurra!
7967
7968
7969
7970
7971
7972
Hurra!
7974
Super!
7976
7977
7978
7979
Hurra!
7981
7982
7983
7984
7985
Super!
Hurra!
7988
7989
7990
7991
7992
7993
Hurra!
7995
7996
Super!
7998
7999
8000
Hurra!
8002
8003
8004
8005
8006
8007
Wiwat!
8009
8010
8011
8012
8013
8014
Hurra!
8016
8017
8018
Super!
8020
8021
Hurra!
8023
8024
8025
8026
8027
8028
Hurra!
Super!
8031
8032
8033
8034
8035
Hurra!
8037
8038
8039
8040
Super!
8042
Hurra!
8044
8045
8046
8047
8048
8049
Hurra!
8051
Super!
8053
8054
8055
8056
Hurra!
8058
8059
8060
8061
8062
Super!
Hurra!
8065
8066
8067
8068
8069
8070
Hurra!
8072
8073
Super!
8075
8076
8077
Hurra!
8079
8080
8081
8082
8083
8084
Wiwat!
8086
8087
8088
8089
8090
8091
Hurra!
8093
8094
8095
Super!
8097
8098
Hurra!
8100
8101
8102
8103
8104
8105
Hurra!
Super!
8108
8109
8110
8111
8112
Hurra!
8114
8115
8116
8117
Super!
8119
Hurra!
8121
8122
8123
8124
8125
8126
Hurra!
8128
Super!
8130
8131
8132
8133
Hurra!
8135
8136
8137
8138
8139
Super!
Hurra!
8142
8143
8144
8145
8146
8147
Hurra!
8149
8150
Super!
8152
8153
8154
Hurra!
8156
8157
8158
8159
8160
8161
Wiwat!
8163
8164
8165
8166
8167
8168
Hurra!
8170
8171
8172
Super!
8174
8175
Hurra!
8177
8178
8179
8180
8181
8182
Hurra!
Super!
8185
8186
8187
8188
8189
Hurra!
8191
8192
8193
8194
Super!
8196
Hurra!
8198
8199
8200
8201
8202
8203
Hurra!
8205
Super!
8207
8208
8209
8210
Hurra!
8212
8213
8214
8215
8216
Super!
Hurra!
8219
8220
8221
8222
8223
8224
Hurra!
8226
8227
Super!
8229
8230
8231
Hurra!
8233
8234
8235
8236
8237
8238
Wiwat!
8240
8241
8242
8243
8244
8245
Hurra!
8247
8248
8249
Super!
8251
8252
Hurra!
8254
8255
8256
8257
8258
8259
Hurra!
Super!
8262
8263
8264
8265
8266
Hurra!
8268
8269
8270
8271
Super!
8273
Hurra!
8275
8276
8277
8278
8279
8280
Hurra!
8282
Super!
8284
8285
8286
8287
Hurra!
8289
8290
8291
8292
8293
Super!
Hurra!
8296
8297
8298
8299
8300
8301
Hurra!
8303
8304
Super!
8306
8307
8308
Hurra!
8310
8311
8312
8313
8314
8315
Wiwat!
8317
8318
8319
8320
8321
8322
Hurra!
8324
8325
8326
Super!
8328
8329
Hurra!
8331
8332
8333
8334
8335
8336
Hurra!
Super!
8339
8340
8341
8342
8343
Hurra!
8345
8346
8347
8348
Super!
8350
Hurra!
8352
8353
8354
8355
8356
8357
Hurra!
8359
Super!
8361
8362
8363
8364
Hurra!
8366
8367
8368
8369
8370
Super!
Hurra!
8373
8374
8375
8376
8377
8378
Hurra!
8380
8381
Super!
8383
8384
8385
Hurra!
8387
8388
8389
8390
8391
8392
Wiwat!
8394
8395
8396
8397
8398
8399
Hurra!
8401
8402
8403
Super!
8405
8406
Hurra!
8408
8409
8410
8411
8412
8413
Hurra!
Super!
8416
8417
8418
8419
8420
Hurra!
8422
8423
8424
8425
Super!
8427
Hurra!
8429
8430
8431
8432
8433
8434
Hurra!
8436
Super!
8438
8439
8440
8441
Hurra!
8443
8444
8445
8446
8447
Super!
Hurra!
8450
8451
8452
8453
8454
8455
Hurra!
8457
8458
Super!
8460
8461
8462
Hurra!
8464
8465
8466
8467
8468
8469
Wiwat!
8471
8472
8473
8474
8475
8476
Hurra!
8478
8479
8480
Super!
8482
8483
Hurra!
8485
8486
8487
8488
8489
8490
Hurra!
Super!
8493
8494
8495
8496
8497
Hurra!
8499
8500
8501
8502
Super!
8504
Hurra!
8506
8507
8508
8509
8510
8511
Hurra!
8513
Super!
8515
8516
8517
8518
Hurra!
8520
8521
8522
8523
8524
Super!
Hurra!
8527
8528
8529
8530
8531
8532
Hurra!
8534
8535
Super!
8537
8538
8539
Hurra!
8541
8542
8543
8544
8545
8546
Wiwat!
8548
8549
8550
8551
8552
8553
Hurra!
8555
8556
8557
Super!
8559
8560
Hurra!
8562
8563
8564
8565
8566
8567
Hurra!
Super!
8570
8571
8572
8573
8574
Hurra!
8576
8577
8578
8579
Super!
8581
Hurra!
8583
8584
8585
8586
8587
8588
Hurra!
8590
Super!
8592
8593
8594
8595
Hurra!
8597
8598
8599
8600
8601
Super!
Hurra!
8604
8605
8606
8607
8608
8609
Hurra!
8611
8612
Super!
8614
8615
8616
Hurra!
8618
8619
8620
8621
8622
8623
Wiwat!
8625
8626
8627
8628
8629
8630
Hurra!
8632
8633
8634
Super!
8636
8637
Hurra!
8639
8640
8641
8642
8643
8644
Hurra!
Super!
8647
8648
8649
8650
8651
Hurra!
8653
8654
8655
8656
Super!
8658
Hurra!
8660
8661
8662
8663
8664
8665
Hurra!
8667
Super!
8669
8670
8671
8672
Hurra!
8674
8675
8676
8677
8678
Super!
Hurra!
8681
8682
8683
8684
8685
8686
Hurra!
8688
8689
Super!
8691
8692
8693
Hurra!
8695
8696
8697
8698
8699
8700
Wiwat!
8702
8703
8704
8705
8706
8707
Hurra!
8709
8710
8711
Super!
8713
8714
Hurra!
8716
8717
8718
8719
8720
8721
Hurra!
Super!
8724
8725
8726
8727
8728
Hurra!
8730
8731
8732
8733
Super!
8735
Hurra!
8737
8738
8739
8740
8741
8742
Hurra!
8744
Super!
8746
8747
8748
8749
Hurra!
8751
8752
8753
8754
8755
Super!
Hurra!
8758
8759
8760
8761
8762
8763
Hurra!
8765
8766
Super!
8768
8769
8770
Hurra!
8772
8773
8774
8775
8776
8777
Wiwat!
8779
8780
8781
8782
8783
8784
Hurra!
8786
8787
8788
Super!
8790
8791
Hurra!
8793
8794
8795
8796
8797
8798
Hurra!
Super!
8801
8802
8803
8804
8805
Hurra!
8807
8808
8809
8810
Super!
8812
Hurra!
8814
8815
8816
8817
8818
8819
Hurra!
8821
Super!
8823
8824
8825
8826
Hurra!
8828
8829
8830
8831
8832
Super!
Hurra!
8835
8836
8837
8838
8839
8840
Hurra!
8842
8843
Super!
8845
8846
8847
Hurra!
8849
8850
8851
8852
8853
8854
Wiwat!
8856
8857
8858
8859
8860
8861
Hurra!
8863
8864
8865
Super!
8867
8868
Hurra!
8870
8871
8872
8873
8874
8875
Hurra!
Super!
8878
8879
8880
8881
8882
Hurra!
8884
8885
8886
8887
Super!
8889
Hurra!
8891
8892
8893
8894
8895
8896
Hurra!
8898
Super!
8900
8901
8902
8903
Hurra!
8905
8906
8907
8908
8909
Super!
Hurra!
8912
8913
8914
8915
8916
8917
Hurra!
8919
8920
Super!
8922
8923
8924
Hurra!
8926
8927
8928
8929
8930
8931
Wiwat!
8933
8934
8935
8936
8937
8938
Hurra!
8940
8941
8942
Super!
8944
8945
Hurra!
8947
8948
8949
8950
8951
8952
Hurra!
Super!
8955
8956
8957
8958
8959
Hurra!
8961
8962
8963
8964
Super!
8966
Hurra!
8968
8969
8970
8971
8972
8973
Hurra!
8975
Super!
8977
8978
8979
8980
Hurra!
8982
8983
8984
8985
8986
Super!
Hurra!
8989
8990
8991
8992
8993
8994
Hurra!
8996
8997
Super!
8999
9000
9001
Hurra!
9003
9004
9005
9006
9007
9008
Wiwat!
9010
9011
9012
9013
9014
9015
Hurra!
9017
9018
9019
Super!
9021
9022
Hurra!
9024
9025
9026
9027
9028
9029
Hurra!
Super!
9032
9033
9034
9035
9036
Hurra!
9038
9039
9040
9041
Super!
9043
Hurra!
9045
9046
9047
9048
9049
9050
Hurra!
9052
Super!
9054
9055
9056
9057
Hurra!
9059
9060
9061
9062
9063
Super!
Hurra!
9066
9067
9068
9069
9070
9071
Hurra!
9073
9074
Super!
9076
9077
9078
Hurra!
9080
9081
9082
9083
9084
9085
Wiwat!
9087
9088
9089
9090
9091
9092
Hurra!
9094
9095
9096
Super!
9098
9099
Hurra!
9101
9102
9103
9104
9105
9106
Hurra!
Super!
9109
9110
9111
9112
9113
Hurra!
9115
9116
9117
9118
Super!
9120
Hurra!
9122
9123
9124
9125
9126
9127
Hurra!
9129
Super!
9131
9132
9133
9134
Hurra!
9136
9137
9138
9139
9140
Super!
Hurra!
9143
9144
9145
9146
9147
9148
Hurra!
9150
9151
Super!
9153
9154
9155
Hurra!
9157
9158
9159
9160
9161
9162
Wiwat!
9164
9165
9166
9167
9168
9169
Hurra!
9171
9172
9173
Super!
9175
9176
Hurra!
9178
9179
9180
9181
9182
9183
Hurra!
Super!
9186
9187
9188
9189
9190
Hurra!
9192
9193
9194
9195
Super!
9197
Hurra!
9199
9200
9201
9202
9203
9204
Hurra!
9206
Super!
9208
9209
9210
9211
Hurra!
9213
9214
9215
9216
9217
Super!
Hurra!
9220
9221
9222
9223
9224
9225
Hurra!
9227
9228
Super!
9230
9231
9232
Hurra!
9234
9235
9236
9237
9238
9239
Wiwat!
9241
9242
9243
9244
9245
9246
Hurra!
9248
9249
9250
Super!
9252
9253
Hurra!
9255
9256
9257
9258
9259
9260
Hurra!
Super!
9263
9264
9265
9266
9267
Hurra!
9269
9270
9271
9272
Super!
9274
Hurra!
9276
9277
9278
9279
9280
9281
Hurra!
9283
Super!
9285
9286
9287
9288
Hurra!
9290
9291
9292
9293
9294
Super!
Hurra!
9297
9298
9299
9300
9301
9302
Hurra!
9304
9305
Super!
9307
9308
9309
Hurra!
9311
9312
9313
9314
9315
9316
Wiwat!
9318
9319
9320
9321
9322
9323
Hurra!
9325
9326
9327
Super!
9329
9330
Hurra!
9332
9333
9334
9335
9336
9337
Hurra!
Super!
9340
9341
9342
9343
9344
Hurra!
9346
9347
9348
9349
Super!
9351
Hurra!
9353
9354
9355
9356
9357
9358
Hurra!
9360
Super!
9362
9363
9364
9365
Hurra!
9367
9368
9369
9370
9371
Super!
Hurra!
9374
9375
9376
9377
9378
9379
Hurra!
9381
9382
Super!
9384
9385
9386
Hurra!
9388
9389
9390
9391
9392
9393
Wiwat!
9395
9396
9397
9398
9399
9400
Hurra!
9402
9403
9404
Super!
9406
9407
Hurra!
9409
9410
9411
9412
9413
9414
Hurra!
Super!
9417
9418
9419
9420
9421
Hurra!
9423
9424
9425
9426
Super!
9428
Hurra!
9430
9431
9432
9433
9434
9435
Hurra!
9437
Super!
9439
9440
9441
9442
Hurra!
9444
9445
9446
9447
9448
Super!
Hurra!
9451
9452
9453
9454
9455
9456
Hurra!
9458
9459
Super!
9461
9462
9463
Hurra!
9465
9466
9467
9468
9469
9470
Wiwat!
9472
9473
9474
9475
9476
9477
Hurra!
9479
9480
9481
Super!
9483
9484
Hurra!
9486
9487
9488
9489
9490
9491
Hurra!
Super!
9494
9495
9496
9497
9498
Hurra!
9500
9501
9502
9503
Super!
9505
Hurra!
9507
9508
9509
9510
9511
9512
Hurra!
9514
Super!
9516
9517
9518
9519
Hurra!
9521
9522
9523
9524
9525
Super!
Hurra!
9528
9529
9530
9531
9532
9533
Hurra!
9535
9536
Super!
9538
9539
9540
Hurra!
9542
9543
9544
9545
9546
9547
Wiwat!
9549
9550
9551
9552
9553
9554
Hurra!
9556
9557
9558
Super!
9560
9561
Hurra!
9563
9564
9565
9566
9567
9568
Hurra!
Super!
9571
9572
9573
9574
9575
Hurra!
9577
9578
9579
9580
Super!
9582
Hurra!
9584
9585
9586
9587
9588
9589
Hurra!
9591
Super!
9593
9594
9595
9596
Hurra!
9598
9599
9600
9601
9602
Super!
Hurra!
9605
9606
9607
9608
9609
9610
Hurra!
9612
9613
Super!
9615
9616
9617
Hurra!
9619
9620
9621
9622
9623
9624
Wiwat!
9626
9627
9628
9629
9630
9631
Hurra!
9633
9634
9635
Super!
9637
9638
Hurra!
9640
9641
9642
9643
9644
9645
Hurra!
Super!
9648
9649
9650
9651
9652
Hurra!
9654
9655
9656
9657
Super!
9659
Hurra!
9661
9662
9663
9664
9665
9666
Hurra!
9668
Super!
9670
9671
9672
9673
Hurra!
9675
9676
9677
9678
9679
Super!
Hurra!
9682
9683
9684
9685
9686
9687
Hurra!
9689
9690
Super!
9692
9693
9694
Hurra!
9696
9697
9698
9699
9700
9701
Wiwat!
9703
9704
9705
9706
9707
9708
Hurra!
9710
9711
9712
Super!
9714
9715
Hurra!
9717
9718
9719
9720
9721
9722
Hurra!
Super!
9725
9726
9727
9728
9729
Hurra!
9731
9732
9733
9734
Super!
9736
Hurra!
9738
9739
9740
9741
9742
9743
Hurra!
9745
Super!
9747
9748
9749
9750
Hurra!
9752
9753
9754
9755
9756
Super!
Hurra!
9759
9760
9761
9762
9763
9764
Hurra!
9766
9767
Super!
9769
9770
9771
Hurra!
9773
9774
9775
9776
9777
9778
Wiwat!
9780
9781
9782
9783
9784
9785
Hurra!
9787
9788
9789
Super!
9791
9792
Hurra!
9794
9795
9796
9797
9798
9799
Hurra!
Super!
9802
9803
9804
9805
9806
Hurra!
9808
9809
9810
9811
Super!
9813
Hurra!
9815
9816
9817
9818
9819
9820
Hurra!
9822
Super!
9824
9825
9826
9827
Hurra!
9829
9830
9831
9832
9833
Super!
Hurra!
9836
9837
9838
9839
9840
9841
Hurra!
9843
9844
Super!
9846
9847
9848
Hurra!
9850
9851
9852
9853
9854
9855
Wiwat!
9857
9858
9859
9860
9861
9862
Hurra!
9864
9865
9866
Super!
9868
9869
Hurra!
9871
9872
9873
9874
9875
9876
Hurra!
Super!
9879
9880
9881
9882
9883
Hurra!
9885
9886
9887
9888
Super!
9890
Hurra!
9892
9893
9894
9895
9896
9897
Hurra!
9899
Super!
9901
9902
9903
9904
Hurra!
9906
9907
9908
9909
9910
Super!
Hurra!
9913
9914
9915
9916
9917
9918
Hurra!
9920
9921
Super!
9923
9924
9925
Hurra!
9927
9928
9929
9930
9931
9932
Wiwat!
9934
9935
9936
9937
9938
9939
Hurra!
9941
9942
9943
Super!
9945
9946
Hurra!
9948
9949
9950
9951
9952
9953
Hurra!
Super!
9956
9957
9958
9959
9960
Hurra!
9962
9963
9964
9965
Super!
9967
Hurra!
9969
9970
9971
9972
9973
9974
Hurra!
9976
Super!
9978
9979
9980
9981
Hurra!
9983
9984
9985
9986
9987
Super!
Hurra!
9990
9991
9992
9993
9994
9995
Hurra!
9997
9998
Super!
10000
